<?xml version="1.0" encoding="UTF-8"?>
<!-- Generated by org.testng.reporters.JUnitReportReporter -->
<testsuite skipped="0" hostname="deven.qa.afilias.in" name="com.rest.api.TC004_GET_Request" tests="1" failures="0" timestamp="2019-12-01T10:46:30 IST" time="3.042" errors="0">
  <testcase name="fullHeaderReadingTest" time="3.042" classname="com.rest.api.TC004_GET_Request"/>
</testsuite> <!-- com.rest.api.TC004_GET_Request -->
