<?xml version="1.0" encoding="UTF-8"?>
<!-- Generated by org.testng.reporters.JUnitReportReporter -->
<testsuite skipped="0" hostname="deven.qa.afilias.in" name="com.rest.api.TC001_Get_Request" tests="1" failures="0" timestamp="2019-12-01T16:29:34 IST" time="7.015" errors="0">
  <testcase name="test_GetWeatherDetails" time="7.015" classname="com.rest.api.TC001_Get_Request"/>
</testsuite> <!-- com.rest.api.TC001_Get_Request -->
