<?xml version="1.0" encoding="UTF-8"?>
<!-- Generated by org.testng.reporters.JUnitReportReporter -->
<testsuite skipped="0" hostname="deven.qa.afilias.in" name="datadriven.DataDriven_AddNewEmp" tests="1" failures="0" timestamp="2019-12-01T12:32:46 IST" time="15.963" errors="0">
  <testcase name="addNewEmployees" time="15.963" classname="datadriven.DataDriven_AddNewEmp"/>
</testsuite> <!-- datadriven.DataDriven_AddNewEmp -->
