<?xml version="1.0" encoding="UTF-8"?>
<!-- Generated by org.testng.reporters.JUnitReportReporter -->
<testsuite skipped="0" hostname="deven.qa.afilias.in" name="com.rest.api.TC006_GET_Request_ExtractValue" tests="1" failures="0" timestamp="2019-12-01T11:18:35 IST" time="4.248" errors="0">
  <testcase name="getExtractValueFromNode" time="4.248" classname="com.rest.api.TC006_GET_Request_ExtractValue"/>
</testsuite> <!-- com.rest.api.TC006_GET_Request_ExtractValue -->
