<?xml version="1.0" encoding="UTF-8"?>
<!-- Generated by org.testng.reporters.JUnitReportReporter -->
<testsuite skipped="0" hostname="deven.qa.afilias.in" name="com.rest.api.TC003_Get_Request" tests="1" failures="0" timestamp="2019-12-01T10:15:15 IST" time="1.778" errors="0">
  <testcase name="getProductTest" time="1.778" classname="com.rest.api.TC003_Get_Request"/>
</testsuite> <!-- com.rest.api.TC003_Get_Request -->
