<?xml version="1.0" encoding="UTF-8"?>
<!-- Generated by org.testng.reporters.JUnitReportReporter -->
<testsuite skipped="0" hostname="deven.qa.afilias.in" name="datadriven.DataDriven_AddNewEmp2" tests="4" failures="0" timestamp="2019-12-01T14:39:03 IST" time="4.621" errors="0">
  <testcase name="addNewEmployees" time="0.792" classname="datadriven.DataDriven_AddNewEmp2"/>
  <testcase name="addNewEmployees" time="2.283" classname="datadriven.DataDriven_AddNewEmp2"/>
  <testcase name="addNewEmployees" time="0.750" classname="datadriven.DataDriven_AddNewEmp2"/>
  <testcase name="addNewEmployees" time="0.796" classname="datadriven.DataDriven_AddNewEmp2"/>
</testsuite> <!-- datadriven.DataDriven_AddNewEmp2 -->
