<?xml version="1.0" encoding="UTF-8"?>
<!-- Generated by org.testng.reporters.JUnitReportReporter -->
<testsuite skipped="0" hostname="deven.qa.afilias.in" name="com.rest.api.TC007_GET_Request_Auth" tests="1" failures="0" timestamp="2019-12-01T11:42:04 IST" time="2.494" errors="0">
  <testcase name="getAuthTest" time="2.494" classname="com.rest.api.TC007_GET_Request_Auth"/>
</testsuite> <!-- com.rest.api.TC007_GET_Request_Auth -->
