<?xml version="1.0" encoding="UTF-8"?>
<!-- Generated by org.testng.reporters.JUnitReportReporter -->
<testsuite skipped="0" hostname="deven.qa.afilias.in" name="com.rest.api.TC002_Post_Request" tests="1" failures="0" timestamp="2019-12-01T09:48:50 IST" time="3.105" errors="0">
  <testcase name="test_RegistrationSuccessful" time="3.105" classname="com.rest.api.TC002_Post_Request"/>
</testsuite> <!-- com.rest.api.TC002_Post_Request -->
