<?xml version="1.0" encoding="UTF-8"?>
<!-- Generated by org.testng.reporters.JUnitReportReporter -->
<testsuite skipped="0" hostname="deven.qa.afilias.in" name="com.rest.api.TC005_GET_Request_JSON_Body" tests="1" failures="0" timestamp="2019-12-01T11:02:52 IST" time="2.755" errors="0">
  <testcase name="validatingJsonResponseTest" time="2.755" classname="com.rest.api.TC005_GET_Request_JSON_Body"/>
</testsuite> <!-- com.rest.api.TC005_GET_Request_JSON_Body -->
